Action.c(97):     0\r\n
Action.c(97):     \r\n
Action.c(97): t=6030921ms: 256-byte response headers for "http://localhost:1080/cgi-bin/nav.pl?in=home" (RelFrameId=1.1, Internal ID=854)
Action.c(97):     HTTP/1.1 200 OK\r\n
Action.c(97):     Date: Thu, 24 Sep 2020 22:54:57 GMT\r\n
Action.c(97):     Server: Apache/2.2.21 (Win32)\r\n
Action.c(97):     Expires: Wed, 23 Sep 2020 22:54:57 GMT\r\n
Action.c(97):     Keep-Alive: timeout=5, max=100\r\n
Action.c(97):     Connection: Keep-Alive\r\n
Action.c(97):     Transfer-Encoding: chunked\r\n
Action.c(97):     Content-Type: text/html; charset=ISO-8859-1\r\n
Action.c(97):     \r\n
Action.c(97): t=6030921ms: 5-byte chunked response overhead for "http://localhost:1080/cgi-bin/nav.pl?in=home" (RelFrameId=1.1, Internal ID=854)
Action.c(97):     5d2\r\n
Action.c(97): t=6030921ms: 2-byte chunked response overhead for "http://localhost:1080/cgi-bin/nav.pl?in=home" (RelFrameId=1.1, Internal ID=854)
Action.c(97):     \r\n
Action.c(97): t=6030921ms: 1490-byte chunked response body for "http://localhost:1080/cgi-bin/nav.pl?in=home" (RelFrameId=1.1, Internal ID=854)
Action.c(97):     <!DOCTYPE html\n
Action.c(97):     \tPUBLIC "-//W3C//DTD XHTML 1.0 Transitional//EN"\n
Action.c(97):     \t "http://www.w3.org/TR/xhtml1/DTD/xhtml1-transitional.dtd">\n
Action.c(97):     <html xmlns="http://www.w3.org/1999/xhtml" lang="en-US" xml:lang="en-US">\n
Action.c(97):     <head>\n
Action.c(97):     <title>Web Tours Navigation Bar</title>\n
Action.c(97):     <meta http-equiv="Content-Type" content="text/html; charset=iso-8859-1" />\n
Action.c(97):     </head>\n
Action.c(97):     <body bgcolor="#E0E7F1">\n
Action.c(97):     <style>\n
Action.c(97):     blockquote {font-family: tahoma; font-size : 10pt}\n
Action.c(97):     H1 {font-family: tahoma; font-size : 22pt; color: #993333}\n
Action.c(97):     H3 {font-family: tahoma; font-size : 10pt; color: black}\n
Action.c(97):     small {font-family: tahoma; font-size : 8pt}\n
Action.c(97):     </style>\n
Action.c(97):     <form method="post" action="/cgi-bin/login.pl" target="body">\n
Action.c(97):     <input type="hidden" name="userSession" value="129687.168489267zzHAHiDpHcQVzzzHtAActpHAcDH
Action.c(97):     f"/>\n
Action.c(97):     <table border="0"><tr><td>&nbsp;</td>\n
Action.c(97):     <td>&nbsp;</td></tr>\n
Action.c(97):     <tr><td>&nbsp;</td>\n
Action.c(97):     <td>&nbsp;</td></tr>\n
Action.c(97):     <tr><td>&nbsp;</td>\n
Action.c(97):     <td><small>&nbsp;Username</small></td></tr>\n
Action.c(97):     <tr><td>&nbsp;</td>\n
Action.c(97):     <td><input type="text" name="username" value="" size="14" maxlength="14"/></td></tr>\n
Action.c(97):     <tr><td>&nbsp;</td>\n
Action.c(97):     <td><small>&nbsp;Password</small></td>\n
Action.c(97):     <tr><td>&nbsp;</td>\n
Action.c(97):     <td><input type="password" name="password" value="" size="14" maxlength="14"/></td></tr>\n
Action.c(97):     <tr><td>&nbsp;</td>\n
Action.c(97):     <td>&nbsp;</td></tr>\n
Action.c(97):     <tr><td>&nbsp;</td>\n
Action.c(97):     <td><input type="image" name="login" value="Login" alt="Login" border="1" \n
Action.c(97):     src="/WebTours/images/mer_login.gif"/></td></tr>\n
Action.c(97):     <tr><td>&nbsp;</td><td>&nbsp;</td></tr>\n
Action.c(97):     </table><input type="hidden" name="JSFormSubmit" value="off"/>\n
Action.c(97):     </form>\n
Action.c(97):     \n
Action.c(97):     </body>\n
Action.c(97):     </html>\n
Action.c(97): Resource "http://localhost:1080/WebTours/images/mer_login.gif" is in the cache already and will not be downloaded again  	[MsgId: MMSG-26655]
Action.c(97): t=6030923ms: 5-byte chunked response overhead for "http://localhost:1080/cgi-bin/nav.pl?in=home" (RelFrameId=1.1, Internal ID=854)
Action.c(97):     0\r\n
Action.c(97):     \r\n
Action.c(97): Registered web_reg_find successful for "Text=Username" (count=1)  	[MsgId: MMSG-26364]
Action.c(97): web_url("welcome.pl") was successful, 2176 body bytes, 584 header bytes, 24 chunking overhead bytes  	[MsgId: MMSG-26385]
Action.c(107): Notify: Transaction "logout" ended with a "Pass" status (Duration: 11,2215 Think Time: 5,0036 Wasted Time: 0,0000).	[MsgId: MMSG-16870]
Action.c(109): Notify: Transaction "UC_6_Login_Logout" ended with a "Pass" status (Duration: 49,4402 Think Time: 10,0086 Wasted Time: 0,0006).	[MsgId: MMSG-16870]
Ending action Action.	[MsgId: MMSG-15918]
Action was aborted.	[MsgId: MMSG-10694]
Ending Vuser...	[MsgId: MMSG-15966]
Starting action vuser_end.	[MsgId: MMSG-15919]
Ending action vuser_end.	[MsgId: MMSG-15918]
Vuser Terminated.	[MsgId: MMSG-15963]
Vuser 3 (thread 4424), ended OK."	[MsgId: MMSG-10695]
Action.c(93): web_reg_find started  	[MsgId: MMSG-26355]
Action.c(93): Registering web_reg_find was successful  	[MsgId: MMSG-26390]
Action.c(97): web_url("welcome.pl") started  	[MsgId: MMSG-26355]
Action.c(97): t=6034087ms: 328-byte response headers for "http://localhost:1080/cgi-bin/welcome.pl?signOff=1" (RelFrameId=1, Internal ID=2715)
Action.c(97):     HTTP/1.1 200 OK\r\n
Action.c(97):     Date: Thu, 24 Sep 2020 22:55:00 GMT\r\n
Action.c(97):     Server: Apache/2.2.21 (Win32)\r\n
Action.c(97):     Set-Cookie: MSO=SID&1600988100; path=/\r\n
Action.c(97):     Set-Cookie: MTUserInfo=; path=/; expires=Wed, 23-Sep-2020 22:55:00 GMT\r\n
Action.c(97):     Keep-Alive: timeout=5, max=100\r\n
Action.c(97):     Connection: Keep-Alive\r\n
Action.c(97):     Transfer-Encoding: chunked\r\n
Action.c(97):     Content-Type: text/html; charset=ISO-8859-1\r\n
Action.c(97):     \r\n
Action.c(97): t=6034088ms: 5-byte chunked response overhead for "http://localhost:1080/cgi-bin/welcome.pl?signOff=1" (RelFrameId=1, Internal ID=2715)
Action.c(97):     2ae\r\n
Action.c(97): t=6034088ms: 2-byte chunked response overhead for "http://localhost:1080/cgi-bin/welcome.pl?signOff=1" (RelFrameId=1, Internal ID=2715)
Action.c(97):     \r\n
Action.c(97): t=6034088ms: 686-byte chunked response body for "http://localhost:1080/cgi-bin/welcome.pl?signOff=1" (RelFrameId=1, Internal ID=2715)
Action.c(97):     <!-- \n
Action.c(97):      A Session ID has been created and loaded into a cookie called MSO.\n
Action.c(97):      Also, the server options have been loaded into the cookie called\n
Action.c(97):      MSO as well.  The server options can be set via the Admin page.\n
Action.c(97):      --->\n
Action.c(97):     \n
Action.c(97):     <html>\n
Action.c(97):     <title>Web Tours</title>\n
Action.c(97):        <!-- Frame Set -->\n
Action.c(97):        <frameset cols="160,*" border="1" frameborder="1">\n
Action.c(97):           <!-- Navigation Frame -->\n
Action.c(97):           <frame src="nav.pl?in=home" name="navbar" marginheight="2" marginwidth="2" \n
Action.c(97):                 noresize="noresize" scrolling="auto"/>\n
Action.c(97):           <!-- Home Frame -->\n
Action.c(97):           <frame src="/WebTours/home.html" name="info" marginheight="2" marginwidth="2" \n
Action.c(97):                 noresize="noresize" scrolling="auto"/>\n
Action.c(97):        </frameset>\n
Action.c(97):     </html>\n
Action.c(97):     \n
Action.c(97):     </body>\n
Action.c(97):     </html>
Action.c(97): Detected non-resource "http://localhost:1080/cgi-bin/nav.pl?in=home" in "http://localhost:1080/cgi-bin/welcome.pl?signOff=1"  	[MsgId: MMSG-26574]
Action.c(97): Detected non-resource "http://localhost:1080/WebTours/home.html" in "http://localhost:1080/cgi-bin/welcome.pl?signOff=1"  	[MsgId: MMSG-26574]
Action.c(97): Retrieving data from cache for "http://localhost:1080/WebTours/home.html"  	[MsgId: MMSG-26558]
Action.c(97): t=6034089ms: 1361-byte response body retrieved from cache for "http://localhost:1080/WebTours/home.html" (RelFrameId=1.2, Internal ID=2717)
Action.c(97):     <HTML>\n
Action.c(97):     <HEAD>\n
Action.c(97):     \t<title>Web Tours</title>\n
Action.c(97):     </HEAD>\n
Action.c(97):     <style>\n
Action.c(97):     \tblockquote {font-family: tahoma; font-size : 10pt}\n
Action.c(97):     \tH1 {font-family: tahoma; font-size : 22pt; color: #003366}\n
Action.c(97):     \tsmall {font-family: tahoma; font-size : 8pt}\n
Action.c(97):     \tH3{font-family: tahoma; font-size : 10pt; color: black}\n
Action.c(97):     \tA {FONT-WEIGHT: bold; FONT-SIZE: 10pt; COLOR: black; FONT-FAMILY: Tahoma; TEXT-DECORATIO
Action.c(97):     N: none}\n
Action.c(97):     \tA:hover{ FONT-WEIGHT: bold; FONT-SIZE: 10pt; COLOR: #993333; FONT-FAMILY: Tahoma;TEXT-DE
Action.c(97):     CORATION: underline}\n
Action.c(97):     \tTD {font-family: tahoma; font-size : 10pt; color: black}\n
Action.c(97):     </style>\n
Action.c(97):     <body bgcolor="#e0e7f1">\n
Action.c(97):     <BR/>\n
Action.c(97):     <BR/>\n
Action.c(97):     <BR/>\n
Action.c(97):     <br/>\n
Action.c(97):     <table border="0">\n
Action.c(97):     <tr><td></td></tr>\n
Action.c(97):     <TR><TD></TD></TR>\n
Action.c(97):     <TR><TD>\n
Action.c(97):     <blockquote>\n
Action.c(97):     <H1><b>Web Tours</b></H1>\n
Action.c(97):     Welcome to the Web Tours site.\n
Action.c(97):     <br/>\n
Action.c(97):     To make reservations,please enter your account information to the left.\n
Action.c(97):     <br/>\n
Action.c(97):     If you haven't registered yet, <A href="/cgi-bin/login.pl?username=&amp;password=&amp;getI
Action.c(97):     nfo=true" ><B>sign up now</B></A> to get access to all our resources.\n
Action.c(97):     <br/>\n
Action.c(97):     To configure the server options, use <A href="/cgi-bin/admin.pl" target="body" ><b>adminis
Action.c(97):     tration</b></A> link.\n
Action.c(97):     <br/><br/><br/><br/><br/><br/>\n
Action.c(97):     <br/><small>\n
Action.c(97):     This product uses parts of the SMT Kernel, Copyright (c) 1991-99 <A href="http://www.imati
Action.c(97):     x.com" target="new"><B><small>iMatix Corporation</small></B></A> \n
Action.c(97):     </small>\n
Action.c(97):     </blockquote></TD>\n
Action.c(97):     <TD></TD></TR>\n
Action.c(97):     </table>\n
Action.c(97):     </body>\n
Action.c(97):     </HTML>\n
Action.c(97): t=6034090ms: 5-byte chunked response overhead for "http://localhost:1080/cgi-bin/welcome.pl?signOff=1" (RelFrameId=1, Internal ID=2715)
Action.c(97):     0\r\n
Action.c(97):     \r\n
Action.c(97): t=6036891ms: 256-byte response headers for "http://localhost:1080/cgi-bin/nav.pl?in=home" (RelFrameId=1.1, Internal ID=2716)
Action.c(97):     HTTP/1.1 200 OK\r\n
Action.c(97):     Date: Thu, 24 Sep 2020 22:55:02 GMT\r\n
Action.c(97):     Server: Apache/2.2.21 (Win32)\r\n
Action.c(97):     Expires: Wed, 23 Sep 2020 22:55:03 GMT\r\n
Action.c(97):     Keep-Alive: timeout=5, max=100\r\n
Action.c(97):     Connection: Keep-Alive\r\n
Action.c(97):     Transfer-Encoding: chunked\r\n
Action.c(97):     Content-Type: text/html; charset=ISO-8859-1\r\n
Action.c(97):     \r\n
Action.c(97): t=6036891ms: 5-byte chunked response overhead for "http://localhost:1080/cgi-bin/nav.pl?in=home" (RelFrameId=1.1, Internal ID=2716)
Action.c(97):     5ca\r\n
Action.c(97): t=6036891ms: 2-byte chunked response overhead for "http://localhost:1080/cgi-bin/nav.pl?in=home" (RelFrameId=1.1, Internal ID=2716)
Action.c(97):     \r\n
Action.c(97): t=6036891ms: 1482-byte chunked response body for "http://localhost:1080/cgi-bin/nav.pl?in=home" (RelFrameId=1.1, Internal ID=2716)
Action.c(97):     <!DOCTYPE html\n
Action.c(97):     \tPUBLIC "-//W3C//DTD XHTML 1.0 Transitional//EN"\n
Action.c(97):     \t "http://www.w3.org/TR/xhtml1/DTD/xhtml1-transitional.dtd">\n
Action.c(97):     <html xmlns="http://www.w3.org/1999/xhtml" lang="en-US" xml:lang="en-US">\n
Action.c(97):     <head>\n
Action.c(97):     <title>Web Tours Navigation Bar</title>\n
Action.c(97):     <meta http-equiv="Content-Type" content="text/html; charset=iso-8859-1" />\n
Action.c(97):     </head>\n
Action.c(97):     <body bgcolor="#E0E7F1">\n
Action.c(97):     <style>\n
Action.c(97):     blockquote {font-family: tahoma; font-size : 10pt}\n
Action.c(97):     H1 {font-family: tahoma; font-size : 22pt; color: #993333}\n
Action.c(97):     H3 {font-family: tahoma; font-size : 10pt; color: black}\n
Action.c(97):     small {font-family: tahoma; font-size : 8pt}\n
Action.c(97):     </style>\n
Action.c(97):     <form method="post" action="/cgi-bin/login.pl" target="body">\n
Action.c(97):     <input type="hidden" name="userSession" value="129687.168894289zzHAHiDpHftAActpHAcf"/>\n
Action.c(97):     <table border="0"><tr><td>&nbsp;</td>\n
Action.c(97):     <td>&nbsp;</td></tr>\n
Action.c(97):     <tr><td>&nbsp;</td>\n
Action.c(97):     <td>&nbsp;</td></tr>\n
Action.c(97):     <tr><td>&nbsp;</td>\n
Action.c(97):     <td><small>&nbsp;Username</small></td></tr>\n
Action.c(97):     <tr><td>&nbsp;</td>\n
Action.c(97):     <td><input type="text" name="username" value="" size="14" maxlength="14"/></td></tr>\n
Action.c(97):     <tr><td>&nbsp;</td>\n
Action.c(97):     <td><small>&nbsp;Password</small></td>\n
Action.c(97):     <tr><td>&nbsp;</td>\n
Action.c(97):     <td><input type="password" name="password" value="" size="14" maxlength="14"/></td></tr>\n
Action.c(97):     <tr><td>&nbsp;</td>\n
Action.c(97):     <td>&nbsp;</td></tr>\n
Action.c(97):     <tr><td>&nbsp;</td>\n
Action.c(97):     <td><input type="image" name="login" value="Login" alt="Login" border="1" \n
Action.c(97):     src="/WebTours/images/mer_login.gif"/></td></tr>\n
Action.c(97):     <tr><td>&nbsp;</td><td>&nbsp;</td></tr>\n
Action.c(97):     </table><input type="hidden" name="JSFormSubmit" value="off"/>\n
Action.c(97):     </form>\n
Action.c(97):     \n
Action.c(97):     </body>\n
Action.c(97):     </html>\n
Action.c(97): Resource "http://localhost:1080/WebTours/images/mer_login.gif" is in the cache already and will not be downloaded again  	[MsgId: MMSG-26655]
Action.c(97): t=6036894ms: 5-byte chunked response overhead for "http://localhost:1080/cgi-bin/nav.pl?in=home" (RelFrameId=1.1, Internal ID=2716)
Action.c(97):     0\r\n
Action.c(97):     \r\n
Action.c(97): Registered web_reg_find successful for "Text=Username" (count=1)  	[MsgId: MMSG-26364]
Action.c(97): web_url("welcome.pl") was successful, 2168 body bytes, 584 header bytes, 24 chunking overhead bytes  	[MsgId: MMSG-26385]
Action.c(107): Notify: Transaction "logout" ended with a "Pass" status (Duration: 9,7911 Think Time: 5,0092 Wasted Time: 0,0000).	[MsgId: MMSG-16870]
Action.c(109): Notify: Transaction "UC_6_Login_Logout" ended with a "Pass" status (Duration: 44,8725 Think Time: 10,0320 Wasted Time: 0,0006).	[MsgId: MMSG-16870]
Ending action Action.	[MsgId: MMSG-15918]
Action was aborted.	[MsgId: MMSG-10694]
Ending Vuser...	[MsgId: MMSG-15966]
Starting action vuser_end.	[MsgId: MMSG-15919]
Ending action vuser_end.	[MsgId: MMSG-15918]
Vuser Terminated.	[MsgId: MMSG-15963]
Vuser 0 (thread 15328), ended OK."	[MsgId: MMSG-10695]
