Action.c(235):     Keep-Alive: timeout=5, max=100\r\n
Action.c(235):     Connection: Keep-Alive\r\n
Action.c(235):     Content-Type: image/gif\r\n
Action.c(235):     \r\n
Action.c(235): t=6067266ms: 806-byte response body for "http://localhost:1080/WebTours/images/bookanother.gif" (RelFrameId=, Internal ID=809)
Action.c(235): Registered web_reg_find successful for "Text=09/25/2020 :  5pm : Flight 062 leaves Denver  for San Francisco" (count=1)  	[MsgId: MMSG-26364]
Action.c(235): web_submit_data("reservations.pl_3") was successful, 3294 body bytes, 682 header bytes, 12 chunking overhead bytes  	[MsgId: MMSG-26385]
Action.c(264): Notify: Transaction "buying_flights" ended with a "Pass" status (Duration: 5,0990 Think Time: 5,0220 Wasted Time: 0,0000).	[MsgId: MMSG-16870]
Action.c(266): Notify: Transaction "logout" started.	[MsgId: MMSG-16999]
Action.c(268): web_add_header("Upgrade-Insecure-Requests") started  	[MsgId: MMSG-26355]
Action.c(268): web_add_header("Upgrade-Insecure-Requests") was successful  	[MsgId: MMSG-26392]
Action.c(271): Think time - Waiting 5,00 seconds (according to limit).	[MsgId: MMSG-15946]
Action.c(271): lr_think_time: 5,00 seconds (recorded think time was 16,00 seconds).	[MsgId: MMSG-15947]
Action.c(273): web_reg_find started  	[MsgId: MMSG-26355]
Action.c(273): Registering web_reg_find was successful  	[MsgId: MMSG-26390]
Action.c(277): web_url("welcome.pl") started  	[MsgId: MMSG-26355]
Action.c(277): t=6067661ms: 327-byte response headers for "http://localhost:1080/cgi-bin/welcome.pl?signOff=1" (RelFrameId=1, Internal ID=1477)
Action.c(277):     HTTP/1.1 200 OK\r\n
Action.c(277):     Date: Thu, 24 Sep 2020 22:55:18 GMT\r\n
Action.c(277):     Server: Apache/2.2.21 (Win32)\r\n
Action.c(277):     Set-Cookie: MSO=SID&1600988118; path=/\r\n
Action.c(277):     Set-Cookie: MTUserInfo=; path=/; expires=Wed, 23-Sep-2020 22:55:18 GMT\r\n
Action.c(277):     Keep-Alive: timeout=5, max=97\r\n
Action.c(277):     Connection: Keep-Alive\r\n
Action.c(277):     Transfer-Encoding: chunked\r\n
Action.c(277):     Content-Type: text/html; charset=ISO-8859-1\r\n
Action.c(277):     \r\n
Action.c(277): t=6067662ms: 5-byte chunked response overhead for "http://localhost:1080/cgi-bin/welcome.pl?signOff=1" (RelFrameId=1, Internal ID=1477)
Action.c(277):     2ae\r\n
Action.c(277): t=6067662ms: 2-byte chunked response overhead for "http://localhost:1080/cgi-bin/welcome.pl?signOff=1" (RelFrameId=1, Internal ID=1477)
Action.c(277):     \r\n
Action.c(277): t=6067662ms: 686-byte chunked response body for "http://localhost:1080/cgi-bin/welcome.pl?signOff=1" (RelFrameId=1, Internal ID=1477)
Action.c(277):     <!-- \n
Action.c(277):      A Session ID has been created and loaded into a cookie called MSO.\n
Action.c(277):      Also, the server options have been loaded into the cookie called\n
Action.c(277):      MSO as well.  The server options can be set via the Admin page.\n
Action.c(277):      --->\n
Action.c(277):     \n
Action.c(277):     <html>\n
Action.c(277):     <title>Web Tours</title>\n
Action.c(277):        <!-- Frame Set -->\n
Action.c(277):        <frameset cols="160,*" border="1" frameborder="1">\n
Action.c(277):           <!-- Navigation Frame -->\n
Action.c(277):           <frame src="nav.pl?in=home" name="navbar" marginheight="2" marginwidth="2" \n
Action.c(277):                 noresize="noresize" scrolling="auto"/>\n
Action.c(277):           <!-- Home Frame -->\n
Action.c(277):           <frame src="/WebTours/home.html" name="info" marginheight="2" marginwidth="2" \n
Action.c(277):                 noresize="noresize" scrolling="auto"/>\n
Action.c(277):        </frameset>\n
Action.c(277):     </html>\n
Action.c(277):     \n
Action.c(277):     </body>\n
Action.c(277):     </html>
Action.c(277): Detected non-resource "http://localhost:1080/cgi-bin/nav.pl?in=home" in "http://localhost:1080/cgi-bin/welcome.pl?signOff=1"  	[MsgId: MMSG-26574]
Action.c(277): Detected non-resource "http://localhost:1080/WebTours/home.html" in "http://localhost:1080/cgi-bin/welcome.pl?signOff=1"  	[MsgId: MMSG-26574]
Action.c(277): Retrieving data from cache for "http://localhost:1080/WebTours/home.html"  	[MsgId: MMSG-26558]
Action.c(277): t=6067662ms: 1361-byte response body retrieved from cache for "http://localhost:1080/WebTours/home.html" (RelFrameId=1.2, Internal ID=1479)
Action.c(277):     <HTML>\n
Action.c(277):     <HEAD>\n
Action.c(277):     \t<title>Web Tours</title>\n
Action.c(277):     </HEAD>\n
Action.c(277):     <style>\n
Action.c(277):     \tblockquote {font-family: tahoma; font-size : 10pt}\n
Action.c(277):     \tH1 {font-family: tahoma; font-size : 22pt; color: #003366}\n
Action.c(277):     \tsmall {font-family: tahoma; font-size : 8pt}\n
Action.c(277):     \tH3{font-family: tahoma; font-size : 10pt; color: black}\n
Action.c(277):     \tA {FONT-WEIGHT: bold; FONT-SIZE: 10pt; COLOR: black; FONT-FAMILY: Tahoma; TEXT-DECORATIO
Action.c(277):     N: none}\n
Action.c(277):     \tA:hover{ FONT-WEIGHT: bold; FONT-SIZE: 10pt; COLOR: #993333; FONT-FAMILY: Tahoma;TEXT-DE
Action.c(277):     CORATION: underline}\n
Action.c(277):     \tTD {font-family: tahoma; font-size : 10pt; color: black}\n
Action.c(277):     </style>\n
Action.c(277):     <body bgcolor="#e0e7f1">\n
Action.c(277):     <BR/>\n
Action.c(277):     <BR/>\n
Action.c(277):     <BR/>\n
Action.c(277):     <br/>\n
Action.c(277):     <table border="0">\n
Action.c(277):     <tr><td></td></tr>\n
Action.c(277):     <TR><TD></TD></TR>\n
Action.c(277):     <TR><TD>\n
Action.c(277):     <blockquote>\n
Action.c(277):     <H1><b>Web Tours</b></H1>\n
Action.c(277):     Welcome to the Web Tours site.\n
Action.c(277):     <br/>\n
Action.c(277):     To make reservations,please enter your account information to the left.\n
Action.c(277):     <br/>\n
Action.c(277):     If you haven't registered yet, <A href="/cgi-bin/login.pl?username=&amp;password=&amp;getI
Action.c(277):     nfo=true" ><B>sign up now</B></A> to get access to all our resources.\n
Action.c(277):     <br/>\n
Action.c(277):     To configure the server options, use <A href="/cgi-bin/admin.pl" target="body" ><b>adminis
Action.c(277):     tration</b></A> link.\n
Action.c(277):     <br/><br/><br/><br/><br/><br/>\n
Action.c(277):     <br/><small>\n
Action.c(277):     This product uses parts of the SMT Kernel, Copyright (c) 1991-99 <A href="http://www.imati
Action.c(277):     x.com" target="new"><B><small>iMatix Corporation</small></B></A> \n
Action.c(277):     </small>\n
Action.c(277):     </blockquote></TD>\n
Action.c(277):     <TD></TD></TR>\n
Action.c(277):     </table>\n
Action.c(277):     </body>\n
Action.c(277):     </HTML>\n
Action.c(277): t=6067663ms: 5-byte chunked response overhead for "http://localhost:1080/cgi-bin/welcome.pl?signOff=1" (RelFrameId=1, Internal ID=1477)
Action.c(277):     0\r\n
Action.c(277):     \r\n
Action.c(277): t=6067699ms: 256-byte response headers for "http://localhost:1080/cgi-bin/nav.pl?in=home" (RelFrameId=1.1, Internal ID=1478)
Action.c(277):     HTTP/1.1 200 OK\r\n
Action.c(277):     Date: Thu, 24 Sep 2020 22:55:18 GMT\r\n
Action.c(277):     Server: Apache/2.2.21 (Win32)\r\n
Action.c(277):     Expires: Wed, 23 Sep 2020 22:55:18 GMT\r\n
Action.c(277):     Keep-Alive: timeout=5, max=100\r\n
Action.c(277):     Connection: Keep-Alive\r\n
Action.c(277):     Transfer-Encoding: chunked\r\n
Action.c(277):     Content-Type: text/html; charset=ISO-8859-1\r\n
Action.c(277):     \r\n
Action.c(277): t=6067699ms: 5-byte chunked response overhead for "http://localhost:1080/cgi-bin/nav.pl?in=home" (RelFrameId=1.1, Internal ID=1478)
Action.c(277):     5cc\r\n
Action.c(277): t=6067699ms: 2-byte chunked response overhead for "http://localhost:1080/cgi-bin/nav.pl?in=home" (RelFrameId=1.1, Internal ID=1478)
Action.c(277):     \r\n
Action.c(277): t=6067699ms: 1484-byte chunked response body for "http://localhost:1080/cgi-bin/nav.pl?in=home" (RelFrameId=1.1, Internal ID=1478)
Action.c(277):     <!DOCTYPE html\n
Action.c(277):     \tPUBLIC "-//W3C//DTD XHTML 1.0 Transitional//EN"\n
Action.c(277):     \t "http://www.w3.org/TR/xhtml1/DTD/xhtml1-transitional.dtd">\n
Action.c(277):     <html xmlns="http://www.w3.org/1999/xhtml" lang="en-US" xml:lang="en-US">\n
Action.c(277):     <head>\n
Action.c(277):     <title>Web Tours Navigation Bar</title>\n
Action.c(277):     <meta http-equiv="Content-Type" content="text/html; charset=iso-8859-1" />\n
Action.c(277):     </head>\n
Action.c(277):     <body bgcolor="#E0E7F1">\n
Action.c(277):     <style>\n
Action.c(277):     blockquote {font-family: tahoma; font-size : 10pt}\n
Action.c(277):     H1 {font-family: tahoma; font-size : 22pt; color: #993333}\n
Action.c(277):     H3 {font-family: tahoma; font-size : 10pt; color: black}\n
Action.c(277):     small {font-family: tahoma; font-size : 8pt}\n
Action.c(277):     </style>\n
Action.c(277):     <form method="post" action="/cgi-bin/login.pl" target="body">\n
Action.c(277):     <input type="hidden" name="userSession" value="129687.170352369zzHAHiDpicftAActpHAcQf"/>\n
Action.c(277):     <table border="0"><tr><td>&nbsp;</td>\n
Action.c(277):     <td>&nbsp;</td></tr>\n
Action.c(277):     <tr><td>&nbsp;</td>\n
Action.c(277):     <td>&nbsp;</td></tr>\n
Action.c(277):     <tr><td>&nbsp;</td>\n
Action.c(277):     <td><small>&nbsp;Username</small></td></tr>\n
Action.c(277):     <tr><td>&nbsp;</td>\n
Action.c(277):     <td><input type="text" name="username" value="" size="14" maxlength="14"/></td></tr>\n
Action.c(277):     <tr><td>&nbsp;</td>\n
Action.c(277):     <td><small>&nbsp;Password</small></td>\n
Action.c(277):     <tr><td>&nbsp;</td>\n
Action.c(277):     <td><input type="password" name="password" value="" size="14" maxlength="14"/></td></tr>\n
Action.c(277):     <tr><td>&nbsp;</td>\n
Action.c(277):     <td>&nbsp;</td></tr>\n
Action.c(277):     <tr><td>&nbsp;</td>\n
Action.c(277):     <td><input type="image" name="login" value="Login" alt="Login" border="1" \n
Action.c(277):     src="/WebTours/images/mer_login.gif"/></td></tr>\n
Action.c(277):     <tr><td>&nbsp;</td><td>&nbsp;</td></tr>\n
Action.c(277):     </table><input type="hidden" name="JSFormSubmit" value="off"/>\n
Action.c(277):     </form>\n
Action.c(277):     \n
Action.c(277):     </body>\n
Action.c(277):     </html>\n
Action.c(277): Resource "http://localhost:1080/WebTours/images/mer_login.gif" is in the cache already and will not be downloaded again  	[MsgId: MMSG-26655]
Action.c(277): t=6067701ms: 5-byte chunked response overhead for "http://localhost:1080/cgi-bin/nav.pl?in=home" (RelFrameId=1.1, Internal ID=1478)
Action.c(277):     0\r\n
Action.c(277):     \r\n
Action.c(277): Registered web_reg_find successful for "Text=Username" (count=1)  	[MsgId: MMSG-26364]
Action.c(277): web_url("welcome.pl") was successful, 2170 body bytes, 583 header bytes, 24 chunking overhead bytes  	[MsgId: MMSG-26385]
Action.c(287): Notify: Transaction "logout" ended with a "Pass" status (Duration: 5,0905 Think Time: 5,0119 Wasted Time: 0,0000).	[MsgId: MMSG-16870]
Action.c(289): Notify: Transaction "UC_2_Buying_Tickets" ended with a "Pass" status (Duration: 67,1737 Think Time: 30,0824 Wasted Time: 0,0024).	[MsgId: MMSG-16870]
Ending action Action.	[MsgId: MMSG-15918]
Action was aborted.	[MsgId: MMSG-10694]
Ending Vuser...	[MsgId: MMSG-15966]
Starting action vuser_end.	[MsgId: MMSG-15919]
Ending action vuser_end.	[MsgId: MMSG-15918]
Vuser Terminated.	[MsgId: MMSG-15963]
Vuser 0 (thread 3400), ended OK."	[MsgId: MMSG-10695]
Action.c(273): web_reg_find started  	[MsgId: MMSG-26355]
Action.c(273): Registering web_reg_find was successful  	[MsgId: MMSG-26390]
Action.c(277): web_url("welcome.pl") started  	[MsgId: MMSG-26355]
Action.c(277): t=6068895ms: 327-byte response headers for "http://localhost:1080/cgi-bin/welcome.pl?signOff=1" (RelFrameId=1, Internal ID=810)
Action.c(277):     HTTP/1.1 200 OK\r\n
Action.c(277):     Date: Thu, 24 Sep 2020 22:55:19 GMT\r\n
Action.c(277):     Server: Apache/2.2.21 (Win32)\r\n
Action.c(277):     Set-Cookie: MSO=SID&1600988119; path=/\r\n
Action.c(277):     Set-Cookie: MTUserInfo=; path=/; expires=Wed, 23-Sep-2020 22:55:19 GMT\r\n
Action.c(277):     Keep-Alive: timeout=5, max=97\r\n
Action.c(277):     Connection: Keep-Alive\r\n
Action.c(277):     Transfer-Encoding: chunked\r\n
Action.c(277):     Content-Type: text/html; charset=ISO-8859-1\r\n
Action.c(277):     \r\n
Action.c(277): t=6068895ms: 5-byte chunked response overhead for "http://localhost:1080/cgi-bin/welcome.pl?signOff=1" (RelFrameId=1, Internal ID=810)
Action.c(277):     2ae\r\n
Action.c(277): t=6068895ms: 2-byte chunked response overhead for "http://localhost:1080/cgi-bin/welcome.pl?signOff=1" (RelFrameId=1, Internal ID=810)
Action.c(277):     \r\n
Action.c(277): t=6068895ms: 686-byte chunked response body for "http://localhost:1080/cgi-bin/welcome.pl?signOff=1" (RelFrameId=1, Internal ID=810)
Action.c(277):     <!-- \n
Action.c(277):      A Session ID has been created and loaded into a cookie called MSO.\n
Action.c(277):      Also, the server options have been loaded into the cookie called\n
Action.c(277):      MSO as well.  The server options can be set via the Admin page.\n
Action.c(277):      --->\n
Action.c(277):     \n
Action.c(277):     <html>\n
Action.c(277):     <title>Web Tours</title>\n
Action.c(277):        <!-- Frame Set -->\n
Action.c(277):        <frameset cols="160,*" border="1" frameborder="1">\n
Action.c(277):           <!-- Navigation Frame -->\n
Action.c(277):           <frame src="nav.pl?in=home" name="navbar" marginheight="2" marginwidth="2" \n
Action.c(277):                 noresize="noresize" scrolling="auto"/>\n
Action.c(277):           <!-- Home Frame -->\n
Action.c(277):           <frame src="/WebTours/home.html" name="info" marginheight="2" marginwidth="2" \n
Action.c(277):                 noresize="noresize" scrolling="auto"/>\n
Action.c(277):        </frameset>\n
Action.c(277):     </html>\n
Action.c(277):     \n
Action.c(277):     </body>\n
Action.c(277):     </html>
Action.c(277): Detected non-resource "http://localhost:1080/cgi-bin/nav.pl?in=home" in "http://localhost:1080/cgi-bin/welcome.pl?signOff=1"  	[MsgId: MMSG-26574]
Action.c(277): Detected non-resource "http://localhost:1080/WebTours/home.html" in "http://localhost:1080/cgi-bin/welcome.pl?signOff=1"  	[MsgId: MMSG-26574]
Action.c(277): Retrieving data from cache for "http://localhost:1080/WebTours/home.html"  	[MsgId: MMSG-26558]
Action.c(277): t=6068896ms: 1361-byte response body retrieved from cache for "http://localhost:1080/WebTours/home.html" (RelFrameId=1.2, Internal ID=812)
Action.c(277):     <HTML>\n
Action.c(277):     <HEAD>\n
Action.c(277):     \t<title>Web Tours</title>\n
Action.c(277):     </HEAD>\n
Action.c(277):     <style>\n
Action.c(277):     \tblockquote {font-family: tahoma; font-size : 10pt}\n
Action.c(277):     \tH1 {font-family: tahoma; font-size : 22pt; color: #003366}\n
Action.c(277):     \tsmall {font-family: tahoma; font-size : 8pt}\n
Action.c(277):     \tH3{font-family: tahoma; font-size : 10pt; color: black}\n
Action.c(277):     \tA {FONT-WEIGHT: bold; FONT-SIZE: 10pt; COLOR: black; FONT-FAMILY: Tahoma; TEXT-DECORATIO
Action.c(277):     N: none}\n
Action.c(277):     \tA:hover{ FONT-WEIGHT: bold; FONT-SIZE: 10pt; COLOR: #993333; FONT-FAMILY: Tahoma;TEXT-DE
Action.c(277):     CORATION: underline}\n
Action.c(277):     \tTD {font-family: tahoma; font-size : 10pt; color: black}\n
Action.c(277):     </style>\n
Action.c(277):     <body bgcolor="#e0e7f1">\n
Action.c(277):     <BR/>\n
Action.c(277):     <BR/>\n
Action.c(277):     <BR/>\n
Action.c(277):     <br/>\n
Action.c(277):     <table border="0">\n
Action.c(277):     <tr><td></td></tr>\n
Action.c(277):     <TR><TD></TD></TR>\n
Action.c(277):     <TR><TD>\n
Action.c(277):     <blockquote>\n
Action.c(277):     <H1><b>Web Tours</b></H1>\n
Action.c(277):     Welcome to the Web Tours site.\n
Action.c(277):     <br/>\n
Action.c(277):     To make reservations,please enter your account information to the left.\n
Action.c(277):     <br/>\n
Action.c(277):     If you haven't registered yet, <A href="/cgi-bin/login.pl?username=&amp;password=&amp;getI
Action.c(277):     nfo=true" ><B>sign up now</B></A> to get access to all our resources.\n
Action.c(277):     <br/>\n
Action.c(277):     To configure the server options, use <A href="/cgi-bin/admin.pl" target="body" ><b>adminis
Action.c(277):     tration</b></A> link.\n
Action.c(277):     <br/><br/><br/><br/><br/><br/>\n
Action.c(277):     <br/><small>\n
Action.c(277):     This product uses parts of the SMT Kernel, Copyright (c) 1991-99 <A href="http://www.imati
Action.c(277):     x.com" target="new"><B><small>iMatix Corporation</small></B></A> \n
Action.c(277):     </small>\n
Action.c(277):     </blockquote></TD>\n
Action.c(277):     <TD></TD></TR>\n
Action.c(277):     </table>\n
Action.c(277):     </body>\n
Action.c(277):     </HTML>\n
Action.c(277): t=6068897ms: 5-byte chunked response overhead for "http://localhost:1080/cgi-bin/welcome.pl?signOff=1" (RelFrameId=1, Internal ID=810)
Action.c(277):     0\r\n
Action.c(277):     \r\n
Action.c(277): t=6068933ms: 256-byte response headers for "http://localhost:1080/cgi-bin/nav.pl?in=home" (RelFrameId=1.1, Internal ID=811)
Action.c(277):     HTTP/1.1 200 OK\r\n
Action.c(277):     Date: Thu, 24 Sep 2020 22:55:19 GMT\r\n
Action.c(277):     Server: Apache/2.2.21 (Win32)\r\n
Action.c(277):     Expires: Wed, 23 Sep 2020 22:55:19 GMT\r\n
Action.c(277):     Keep-Alive: timeout=5, max=100\r\n
Action.c(277):     Connection: Keep-Alive\r\n
Action.c(277):     Transfer-Encoding: chunked\r\n
Action.c(277):     Content-Type: text/html; charset=ISO-8859-1\r\n
Action.c(277):     \r\n
Action.c(277): t=6068934ms: 5-byte chunked response overhead for "http://localhost:1080/cgi-bin/nav.pl?in=home" (RelFrameId=1.1, Internal ID=811)
Action.c(277):     5d2\r\n
Action.c(277): t=6068934ms: 2-byte chunked response overhead for "http://localhost:1080/cgi-bin/nav.pl?in=home" (RelFrameId=1.1, Internal ID=811)
Action.c(277):     \r\n
Action.c(277): t=6068934ms: 1490-byte chunked response body for "http://localhost:1080/cgi-bin/nav.pl?in=home" (RelFrameId=1.1, Internal ID=811)
Action.c(277):     <!DOCTYPE html\n
Action.c(277):     \tPUBLIC "-//W3C//DTD XHTML 1.0 Transitional//EN"\n
Action.c(277):     \t "http://www.w3.org/TR/xhtml1/DTD/xhtml1-transitional.dtd">\n
Action.c(277):     <html xmlns="http://www.w3.org/1999/xhtml" lang="en-US" xml:lang="en-US">\n
Action.c(277):     <head>\n
Action.c(277):     <title>Web Tours Navigation Bar</title>\n
Action.c(277):     <meta http-equiv="Content-Type" content="text/html; charset=iso-8859-1" />\n
Action.c(277):     </head>\n
Action.c(277):     <body bgcolor="#E0E7F1">\n
Action.c(277):     <style>\n
Action.c(277):     blockquote {font-family: tahoma; font-size : 10pt}\n
Action.c(277):     H1 {font-family: tahoma; font-size : 22pt; color: #993333}\n
Action.c(277):     H3 {font-family: tahoma; font-size : 10pt; color: black}\n
Action.c(277):     small {font-family: tahoma; font-size : 8pt}\n
Action.c(277):     </style>\n
Action.c(277):     <form method="post" action="/cgi-bin/login.pl" target="body">\n
Action.c(277):     <input type="hidden" name="userSession" value="129687.170433374zzHAHiDpicQVzzzHtAActpHAcQH
Action.c(277):     f"/>\n
Action.c(277):     <table border="0"><tr><td>&nbsp;</td>\n
Action.c(277):     <td>&nbsp;</td></tr>\n
Action.c(277):     <tr><td>&nbsp;</td>\n
Action.c(277):     <td>&nbsp;</td></tr>\n
Action.c(277):     <tr><td>&nbsp;</td>\n
Action.c(277):     <td><small>&nbsp;Username</small></td></tr>\n
Action.c(277):     <tr><td>&nbsp;</td>\n
Action.c(277):     <td><input type="text" name="username" value="" size="14" maxlength="14"/></td></tr>\n
Action.c(277):     <tr><td>&nbsp;</td>\n
Action.c(277):     <td><small>&nbsp;Password</small></td>\n
Action.c(277):     <tr><td>&nbsp;</td>\n
Action.c(277):     <td><input type="password" name="password" value="" size="14" maxlength="14"/></td></tr>\n
Action.c(277):     <tr><td>&nbsp;</td>\n
Action.c(277):     <td>&nbsp;</td></tr>\n
Action.c(277):     <tr><td>&nbsp;</td>\n
Action.c(277):     <td><input type="image" name="login" value="Login" alt="Login" border="1" \n
Action.c(277):     src="/WebTours/images/mer_login.gif"/></td></tr>\n
Action.c(277):     <tr><td>&nbsp;</td><td>&nbsp;</td></tr>\n
Action.c(277):     </table><input type="hidden" name="JSFormSubmit" value="off"/>\n
Action.c(277):     </form>\n
Action.c(277):     \n
Action.c(277):     </body>\n
Action.c(277):     </html>\n
Action.c(277): Resource "http://localhost:1080/WebTours/images/mer_login.gif" is in the cache already and will not be downloaded again  	[MsgId: MMSG-26655]
Action.c(277): t=6068935ms: 5-byte chunked response overhead for "http://localhost:1080/cgi-bin/nav.pl?in=home" (RelFrameId=1.1, Internal ID=811)
Action.c(277):     0\r\n
Action.c(277):     \r\n
Action.c(277): Registered web_reg_find successful for "Text=Username" (count=1)  	[MsgId: MMSG-26364]
Action.c(277): web_url("welcome.pl") was successful, 2176 body bytes, 583 header bytes, 24 chunking overhead bytes  	[MsgId: MMSG-26385]
Action.c(287): Notify: Transaction "logout" ended with a "Pass" status (Duration: 5,0847 Think Time: 5,0060 Wasted Time: 0,0000).	[MsgId: MMSG-16870]
Action.c(289): Notify: Transaction "UC_2_Buying_Tickets" ended with a "Pass" status (Duration: 67,6779 Think Time: 30,0499 Wasted Time: 0,0017).	[MsgId: MMSG-16870]
Ending action Action.	[MsgId: MMSG-15918]
Action was aborted.	[MsgId: MMSG-10694]
Ending Vuser...	[MsgId: MMSG-15966]
Starting action vuser_end.	[MsgId: MMSG-15919]
Ending action vuser_end.	[MsgId: MMSG-15918]
Vuser Terminated.	[MsgId: MMSG-15963]
Vuser 7 (thread 15068), ended OK."	[MsgId: MMSG-10695]
Action.c(273): web_reg_find started  	[MsgId: MMSG-26355]
Action.c(273): Registering web_reg_find was successful  	[MsgId: MMSG-26390]
Action.c(277): web_url("welcome.pl") started  	[MsgId: MMSG-26355]
Action.c(277): t=6072309ms: 327-byte response headers for "http://localhost:1080/cgi-bin/welcome.pl?signOff=1" (RelFrameId=1, Internal ID=810)
Action.c(277):     HTTP/1.1 200 OK\r\n
Action.c(277):     Date: Thu, 24 Sep 2020 22:55:23 GMT\r\n
Action.c(277):     Server: Apache/2.2.21 (Win32)\r\n
Action.c(277):     Set-Cookie: MSO=SID&1600988123; path=/\r\n
Action.c(277):     Set-Cookie: MTUserInfo=; path=/; expires=Wed, 23-Sep-2020 22:55:23 GMT\r\n
Action.c(277):     Keep-Alive: timeout=5, max=97\r\n
Action.c(277):     Connection: Keep-Alive\r\n
Action.c(277):     Transfer-Encoding: chunked\r\n
Action.c(277):     Content-Type: text/html; charset=ISO-8859-1\r\n
Action.c(277):     \r\n
Action.c(277): t=6072309ms: 5-byte chunked response overhead for "http://localhost:1080/cgi-bin/welcome.pl?signOff=1" (RelFrameId=1, Internal ID=810)
Action.c(277):     2ae\r\n
Action.c(277): t=6072309ms: 2-byte chunked response overhead for "http://localhost:1080/cgi-bin/welcome.pl?signOff=1" (RelFrameId=1, Internal ID=810)
Action.c(277):     \r\n
Action.c(277): t=6072309ms: 686-byte chunked response body for "http://localhost:1080/cgi-bin/welcome.pl?signOff=1" (RelFrameId=1, Internal ID=810)
Action.c(277):     <!-- \n
Action.c(277):      A Session ID has been created and loaded into a cookie called MSO.\n
Action.c(277):      Also, the server options have been loaded into the cookie called\n
Action.c(277):      MSO as well.  The server options can be set via the Admin page.\n
Action.c(277):      --->\n
Action.c(277):     \n
Action.c(277):     <html>\n
Action.c(277):     <title>Web Tours</title>\n
Action.c(277):        <!-- Frame Set -->\n
Action.c(277):        <frameset cols="160,*" border="1" frameborder="1">\n
Action.c(277):           <!-- Navigation Frame -->\n
Action.c(277):           <frame src="nav.pl?in=home" name="navbar" marginheight="2" marginwidth="2" \n
Action.c(277):                 noresize="noresize" scrolling="auto"/>\n
Action.c(277):           <!-- Home Frame -->\n
Action.c(277):           <frame src="/WebTours/home.html" name="info" marginheight="2" marginwidth="2" \n
Action.c(277):                 noresize="noresize" scrolling="auto"/>\n
Action.c(277):        </frameset>\n
Action.c(277):     </html>\n
Action.c(277):     \n
Action.c(277):     </body>\n
Action.c(277):     </html>
Action.c(277): Detected non-resource "http://localhost:1080/cgi-bin/nav.pl?in=home" in "http://localhost:1080/cgi-bin/welcome.pl?signOff=1"  	[MsgId: MMSG-26574]
Action.c(277): Detected non-resource "http://localhost:1080/WebTours/home.html" in "http://localhost:1080/cgi-bin/welcome.pl?signOff=1"  	[MsgId: MMSG-26574]
Action.c(277): Retrieving data from cache for "http://localhost:1080/WebTours/home.html"  	[MsgId: MMSG-26558]
Action.c(277): t=6072310ms: 1361-byte response body retrieved from cache for "http://localhost:1080/WebTours/home.html" (RelFrameId=1.2, Internal ID=812)
Action.c(277):     <HTML>\n
Action.c(277):     <HEAD>\n
Action.c(277):     \t<title>Web Tours</title>\n
Action.c(277):     </HEAD>\n
Action.c(277):     <style>\n
Action.c(277):     \tblockquote {font-family: tahoma; font-size : 10pt}\n
Action.c(277):     \tH1 {font-family: tahoma; font-size : 22pt; color: #003366}\n
Action.c(277):     \tsmall {font-family: tahoma; font-size : 8pt}\n
Action.c(277):     \tH3{font-family: tahoma; font-size : 10pt; color: black}\n
Action.c(277):     \tA {FONT-WEIGHT: bold; FONT-SIZE: 10pt; COLOR: black; FONT-FAMILY: Tahoma; TEXT-DECORATIO
Action.c(277):     N: none}\n
Action.c(277):     \tA:hover{ FONT-WEIGHT: bold; FONT-SIZE: 10pt; COLOR: #993333; FONT-FAMILY: Tahoma;TEXT-DE
Action.c(277):     CORATION: underline}\n
Action.c(277):     \tTD {font-family: tahoma; font-size : 10pt; color: black}\n
Action.c(277):     </style>\n
Action.c(277):     <body bgcolor="#e0e7f1">\n
Action.c(277):     <BR/>\n
Action.c(277):     <BR/>\n
Action.c(277):     <BR/>\n
Action.c(277):     <br/>\n
Action.c(277):     <table border="0">\n
Action.c(277):     <tr><td></td></tr>\n
Action.c(277):     <TR><TD></TD></TR>\n
Action.c(277):     <TR><TD>\n
Action.c(277):     <blockquote>\n
Action.c(277):     <H1><b>Web Tours</b></H1>\n
Action.c(277):     Welcome to the Web Tours site.\n
Action.c(277):     <br/>\n
Action.c(277):     To make reservations,please enter your account information to the left.\n
Action.c(277):     <br/>\n
Action.c(277):     If you haven't registered yet, <A href="/cgi-bin/login.pl?username=&amp;password=&amp;getI
Action.c(277):     nfo=true" ><B>sign up now</B></A> to get access to all our resources.\n
Action.c(277):     <br/>\n
Action.c(277):     To configure the server options, use <A href="/cgi-bin/admin.pl" target="body" ><b>adminis
Action.c(277):     tration</b></A> link.\n
Action.c(277):     <br/><br/><br/><br/><br/><br/>\n
Action.c(277):     <br/><small>\n
Action.c(277):     This product uses parts of the SMT Kernel, Copyright (c) 1991-99 <A href="http://www.imati
Action.c(277):     x.com" target="new"><B><small>iMatix Corporation</small></B></A> \n
Action.c(277):     </small>\n
Action.c(277):     </blockquote></TD>\n
Action.c(277):     <TD></TD></TR>\n
Action.c(277):     </table>\n
Action.c(277):     </body>\n
Action.c(277):     </HTML>\n
Action.c(277): t=6072310ms: 5-byte chunked response overhead for "http://localhost:1080/cgi-bin/welcome.pl?signOff=1" (RelFrameId=1, Internal ID=810)
Action.c(277):     0\r\n
Action.c(277):     \r\n
Action.c(277): t=6072346ms: 256-byte response headers for "http://localhost:1080/cgi-bin/nav.pl?in=home" (RelFrameId=1.1, Internal ID=811)
Action.c(277):     HTTP/1.1 200 OK\r\n
Action.c(277):     Date: Thu, 24 Sep 2020 22:55:23 GMT\r\n
Action.c(277):     Server: Apache/2.2.21 (Win32)\r\n
Action.c(277):     Expires: Wed, 23 Sep 2020 22:55:23 GMT\r\n
Action.c(277):     Keep-Alive: timeout=5, max=100\r\n
Action.c(277):     Connection: Keep-Alive\r\n
Action.c(277):     Transfer-Encoding: chunked\r\n
Action.c(277):     Content-Type: text/html; charset=ISO-8859-1\r\n
Action.c(277):     \r\n
Action.c(277): t=6072346ms: 5-byte chunked response overhead for "http://localhost:1080/cgi-bin/nav.pl?in=home" (RelFrameId=1.1, Internal ID=811)
Action.c(277):     5d2\r\n
Action.c(277): t=6072346ms: 2-byte chunked response overhead for "http://localhost:1080/cgi-bin/nav.pl?in=home" (RelFrameId=1.1, Internal ID=811)
Action.c(277):     \r\n
Action.c(277): t=6072346ms: 1490-byte chunked response body for "http://localhost:1080/cgi-bin/nav.pl?in=home" (RelFrameId=1.1, Internal ID=811)
Action.c(277):     <!DOCTYPE html\n
Action.c(277):     \tPUBLIC "-//W3C//DTD XHTML 1.0 Transitional//EN"\n
Action.c(277):     \t "http://www.w3.org/TR/xhtml1/DTD/xhtml1-transitional.dtd">\n
Action.c(277):     <html xmlns="http://www.w3.org/1999/xhtml" lang="en-US" xml:lang="en-US">\n
Action.c(277):     <head>\n
Action.c(277):     <title>Web Tours Navigation Bar</title>\n
Action.c(277):     <meta http-equiv="Content-Type" content="text/html; charset=iso-8859-1" />\n
Action.c(277):     </head>\n
Action.c(277):     <body bgcolor="#E0E7F1">\n
Action.c(277):     <style>\n
Action.c(277):     blockquote {font-family: tahoma; font-size : 10pt}\n
Action.c(277):     H1 {font-family: tahoma; font-size : 22pt; color: #993333}\n
Action.c(277):     H3 {font-family: tahoma; font-size : 10pt; color: black}\n
Action.c(277):     small {font-family: tahoma; font-size : 8pt}\n
Action.c(277):     </style>\n
Action.c(277):     <form method="post" action="/cgi-bin/login.pl" target="body">\n
Action.c(277):     <input type="hidden" name="userSession" value="129687.170757392zzHAHiDpitfiDDDDtAActpHADAH
Action.c(277):     f"/>\n
Action.c(277):     <table border="0"><tr><td>&nbsp;</td>\n
Action.c(277):     <td>&nbsp;</td></tr>\n
Action.c(277):     <tr><td>&nbsp;</td>\n
Action.c(277):     <td>&nbsp;</td></tr>\n
Action.c(277):     <tr><td>&nbsp;</td>\n
Action.c(277):     <td><small>&nbsp;Username</small></td></tr>\n
Action.c(277):     <tr><td>&nbsp;</td>\n
Action.c(277):     <td><input type="text" name="username" value="" size="14" maxlength="14"/></td></tr>\n
Action.c(277):     <tr><td>&nbsp;</td>\n
Action.c(277):     <td><small>&nbsp;Password</small></td>\n
Action.c(277):     <tr><td>&nbsp;</td>\n
Action.c(277):     <td><input type="password" name="password" value="" size="14" maxlength="14"/></td></tr>\n
Action.c(277):     <tr><td>&nbsp;</td>\n
Action.c(277):     <td>&nbsp;</td></tr>\n
Action.c(277):     <tr><td>&nbsp;</td>\n
Action.c(277):     <td><input type="image" name="login" value="Login" alt="Login" border="1" \n
Action.c(277):     src="/WebTours/images/mer_login.gif"/></td></tr>\n
Action.c(277):     <tr><td>&nbsp;</td><td>&nbsp;</td></tr>\n
Action.c(277):     </table><input type="hidden" name="JSFormSubmit" value="off"/>\n
Action.c(277):     </form>\n
Action.c(277):     \n
Action.c(277):     </body>\n
Action.c(277):     </html>\n
Action.c(277): Resource "http://localhost:1080/WebTours/images/mer_login.gif" is in the cache already and will not be downloaded again  	[MsgId: MMSG-26655]
Action.c(277): t=6072348ms: 5-byte chunked response overhead for "http://localhost:1080/cgi-bin/nav.pl?in=home" (RelFrameId=1.1, Internal ID=811)
Action.c(277):     0\r\n
Action.c(277):     \r\n
Action.c(277): Registered web_reg_find successful for "Text=Username" (count=1)  	[MsgId: MMSG-26364]
Action.c(277): web_url("welcome.pl") was successful, 2176 body bytes, 583 header bytes, 24 chunking overhead bytes  	[MsgId: MMSG-26385]
Action.c(287): Notify: Transaction "logout" ended with a "Pass" status (Duration: 5,0820 Think Time: 5,0030 Wasted Time: 0,0000).	[MsgId: MMSG-16870]
Action.c(289): Notify: Transaction "UC_2_Buying_Tickets" ended with a "Pass" status (Duration: 56,0563 Think Time: 30,0451 Wasted Time: 0,0016).	[MsgId: MMSG-16870]
Ending action Action.	[MsgId: MMSG-15918]
Action was aborted.	[MsgId: MMSG-10694]
Ending Vuser...	[MsgId: MMSG-15966]
Starting action vuser_end.	[MsgId: MMSG-15919]
Ending action vuser_end.	[MsgId: MMSG-15918]
Vuser Terminated.	[MsgId: MMSG-15963]
Vuser 8 (thread 11276), ended OK."	[MsgId: MMSG-10695]
